
*** Running vivado
    with args -log adder.vds -m64 -product Vivado -mode batch -messageDb vivado.pb -notrace -source adder.tcl



****** Vivado v2020.2 (64-bit)
  **** SW Build 3064766 on Wed Nov 18 09:12:45 MST 2020
  **** IP Build 3064653 on Wed Nov 18 14:17:31 MST 2020
    ** Copyright 1986-2020 Xilinx, Inc. All Rights Reserved.

source adder.tcl -notrace
Command: synth_design -top adder -part xc7a35tcpg236-1
Starting synth_design
Attempting to get a license for feature 'Synthesis' and/or device 'xc7a35t'
INFO: [Common 17-349] Got license for feature 'Synthesis' and/or device 'xc7a35t'
INFO: [Device 21-403] Loading part xc7a35tcpg236-1
INFO: [Synth 8-7079] Multithreading enabled for synth_design using a maximum of 2 processes.
INFO: [Synth 8-7078] Launching helper process for spawning children vivado processes
INFO: [Synth 8-7075] Helper process launched with PID 19996
---------------------------------------------------------------------------------
Starting RTL Elaboration : Time (s): cpu = 00:00:02 ; elapsed = 00:00:02 . Memory (MB): peak = 1106.109 ; gain = 0.000
---------------------------------------------------------------------------------
INFO: [Synth 8-6157] synthesizing module 'adder' [D:/work/FPGA_HARMAN/20250801_adder_fnd/20250801_adder_fnd.srcs/sources_1/imports/new/adder.v:21]
INFO: [Synth 8-6157] synthesizing module 'fnd_controller' [D:/work/FPGA_HARMAN/20250801_adder_fnd/20250801_adder_fnd.srcs/sources_1/new/fnd_controller.v:23]
INFO: [Synth 8-6157] synthesizing module 'clk_div_1khz' [D:/work/FPGA_HARMAN/20250801_adder_fnd/20250801_adder_fnd.srcs/sources_1/new/fnd_controller.v:80]
INFO: [Synth 8-6155] done synthesizing module 'clk_div_1khz' (1#1) [D:/work/FPGA_HARMAN/20250801_adder_fnd/20250801_adder_fnd.srcs/sources_1/new/fnd_controller.v:80]
INFO: [Synth 8-6157] synthesizing module 'counter_4' [D:/work/FPGA_HARMAN/20250801_adder_fnd/20250801_adder_fnd.srcs/sources_1/new/fnd_controller.v:108]
INFO: [Synth 8-6155] done synthesizing module 'counter_4' (2#1) [D:/work/FPGA_HARMAN/20250801_adder_fnd/20250801_adder_fnd.srcs/sources_1/new/fnd_controller.v:108]
INFO: [Synth 8-6157] synthesizing module 'digit_splitter' [D:/work/FPGA_HARMAN/20250801_adder_fnd/20250801_adder_fnd.srcs/sources_1/new/fnd_controller.v:165]
INFO: [Synth 8-6155] done synthesizing module 'digit_splitter' (3#1) [D:/work/FPGA_HARMAN/20250801_adder_fnd/20250801_adder_fnd.srcs/sources_1/new/fnd_controller.v:165]
INFO: [Synth 8-6157] synthesizing module 'decoder_2x4' [D:/work/FPGA_HARMAN/20250801_adder_fnd/20250801_adder_fnd.srcs/sources_1/new/fnd_controller.v:130]
INFO: [Synth 8-6155] done synthesizing module 'decoder_2x4' (4#1) [D:/work/FPGA_HARMAN/20250801_adder_fnd/20250801_adder_fnd.srcs/sources_1/new/fnd_controller.v:130]
INFO: [Synth 8-6157] synthesizing module 'mux_4x1' [D:/work/FPGA_HARMAN/20250801_adder_fnd/20250801_adder_fnd.srcs/sources_1/new/fnd_controller.v:142]
INFO: [Synth 8-226] default block is never used [D:/work/FPGA_HARMAN/20250801_adder_fnd/20250801_adder_fnd.srcs/sources_1/new/fnd_controller.v:154]
INFO: [Synth 8-6155] done synthesizing module 'mux_4x1' (5#1) [D:/work/FPGA_HARMAN/20250801_adder_fnd/20250801_adder_fnd.srcs/sources_1/new/fnd_controller.v:142]
INFO: [Synth 8-6157] synthesizing module 'bcd_decoder' [D:/work/FPGA_HARMAN/20250801_adder_fnd/20250801_adder_fnd.srcs/sources_1/new/fnd_controller.v:183]
INFO: [Synth 8-226] default block is never used [D:/work/FPGA_HARMAN/20250801_adder_fnd/20250801_adder_fnd.srcs/sources_1/new/fnd_controller.v:189]
INFO: [Synth 8-6155] done synthesizing module 'bcd_decoder' (6#1) [D:/work/FPGA_HARMAN/20250801_adder_fnd/20250801_adder_fnd.srcs/sources_1/new/fnd_controller.v:183]
INFO: [Synth 8-6155] done synthesizing module 'fnd_controller' (7#1) [D:/work/FPGA_HARMAN/20250801_adder_fnd/20250801_adder_fnd.srcs/sources_1/new/fnd_controller.v:23]
INFO: [Synth 8-6157] synthesizing module 'full_adder_8' [D:/work/FPGA_HARMAN/20250801_adder_fnd/20250801_adder_fnd.srcs/sources_1/imports/new/adder.v:52]
INFO: [Synth 8-6157] synthesizing module 'full_adder_4' [D:/work/FPGA_HARMAN/20250801_adder_fnd/20250801_adder_fnd.srcs/sources_1/imports/new/adder.v:81]
INFO: [Synth 8-6157] synthesizing module 'full_adder' [D:/work/FPGA_HARMAN/20250801_adder_fnd/20250801_adder_fnd.srcs/sources_1/imports/new/adder.v:129]
INFO: [Synth 8-6157] synthesizing module 'half_adder' [D:/work/FPGA_HARMAN/20250801_adder_fnd/20250801_adder_fnd.srcs/sources_1/imports/new/adder.v:156]
INFO: [Synth 8-6155] done synthesizing module 'half_adder' (8#1) [D:/work/FPGA_HARMAN/20250801_adder_fnd/20250801_adder_fnd.srcs/sources_1/imports/new/adder.v:156]
INFO: [Synth 8-6155] done synthesizing module 'full_adder' (9#1) [D:/work/FPGA_HARMAN/20250801_adder_fnd/20250801_adder_fnd.srcs/sources_1/imports/new/adder.v:129]
INFO: [Synth 8-6155] done synthesizing module 'full_adder_4' (10#1) [D:/work/FPGA_HARMAN/20250801_adder_fnd/20250801_adder_fnd.srcs/sources_1/imports/new/adder.v:81]
INFO: [Synth 8-6155] done synthesizing module 'full_adder_8' (11#1) [D:/work/FPGA_HARMAN/20250801_adder_fnd/20250801_adder_fnd.srcs/sources_1/imports/new/adder.v:52]
INFO: [Synth 8-6155] done synthesizing module 'adder' (12#1) [D:/work/FPGA_HARMAN/20250801_adder_fnd/20250801_adder_fnd.srcs/sources_1/imports/new/adder.v:21]
---------------------------------------------------------------------------------
Finished RTL Elaboration : Time (s): cpu = 00:00:03 ; elapsed = 00:00:03 . Memory (MB): peak = 1106.109 ; gain = 0.000
---------------------------------------------------------------------------------
---------------------------------------------------------------------------------
Start Handling Custom Attributes
---------------------------------------------------------------------------------
---------------------------------------------------------------------------------
Finished Handling Custom Attributes : Time (s): cpu = 00:00:03 ; elapsed = 00:00:03 . Memory (MB): peak = 1106.109 ; gain = 0.000
---------------------------------------------------------------------------------
---------------------------------------------------------------------------------
Finished RTL Optimization Phase 1 : Time (s): cpu = 00:00:03 ; elapsed = 00:00:03 . Memory (MB): peak = 1106.109 ; gain = 0.000
---------------------------------------------------------------------------------
Netlist sorting complete. Time (s): cpu = 00:00:00 ; elapsed = 00:00:00 . Memory (MB): peak = 1106.109 ; gain = 0.000
INFO: [Project 1-570] Preparing netlist for logic optimization

Processing XDC Constraints
Initializing timing engine
Parsing XDC File [D:/work/FPGA_HARMAN/20250801_adder_fnd/20250801_adder_fnd.srcs/constrs_1/imports/FPGA_HARMAN/Basys-3-Master.xdc]
Finished Parsing XDC File [D:/work/FPGA_HARMAN/20250801_adder_fnd/20250801_adder_fnd.srcs/constrs_1/imports/FPGA_HARMAN/Basys-3-Master.xdc]
INFO: [Project 1-236] Implementation specific constraints were found while reading constraint file [D:/work/FPGA_HARMAN/20250801_adder_fnd/20250801_adder_fnd.srcs/constrs_1/imports/FPGA_HARMAN/Basys-3-Master.xdc]. These constraints will be ignored for synthesis but will be used in implementation. Impacted constraints are listed in the file [.Xil/adder_propImpl.xdc].
Resolution: To avoid this warning, move constraints listed in [.Xil/adder_propImpl.xdc] to another XDC file and exclude this new file from synthesis with the used_in_synthesis property (File Properties dialog in GUI) and re-run elaboration/synthesis.
Completed Processing XDC Constraints

Netlist sorting complete. Time (s): cpu = 00:00:00 ; elapsed = 00:00:00 . Memory (MB): peak = 1151.066 ; gain = 0.000
INFO: [Project 1-111] Unisim Transformation Summary:
No Unisim elements were transformed.

Constraint Validation Runtime : Time (s): cpu = 00:00:00 ; elapsed = 00:00:00.001 . Memory (MB): peak = 1151.066 ; gain = 0.000
---------------------------------------------------------------------------------
Finished Constraint Validation : Time (s): cpu = 00:00:07 ; elapsed = 00:00:07 . Memory (MB): peak = 1151.066 ; gain = 44.957
---------------------------------------------------------------------------------
---------------------------------------------------------------------------------
Start Loading Part and Timing Information
---------------------------------------------------------------------------------
Loading part: xc7a35tcpg236-1
---------------------------------------------------------------------------------
Finished Loading Part and Timing Information : Time (s): cpu = 00:00:07 ; elapsed = 00:00:07 . Memory (MB): peak = 1151.066 ; gain = 44.957
---------------------------------------------------------------------------------
---------------------------------------------------------------------------------
Start Applying 'set_property' XDC Constraints
---------------------------------------------------------------------------------
---------------------------------------------------------------------------------
Finished applying 'set_property' XDC Constraints : Time (s): cpu = 00:00:07 ; elapsed = 00:00:07 . Memory (MB): peak = 1151.066 ; gain = 44.957
---------------------------------------------------------------------------------
---------------------------------------------------------------------------------
Finished RTL Optimization Phase 2 : Time (s): cpu = 00:00:07 ; elapsed = 00:00:07 . Memory (MB): peak = 1151.066 ; gain = 44.957
---------------------------------------------------------------------------------
---------------------------------------------------------------------------------
Start RTL Component Statistics 
---------------------------------------------------------------------------------
Detailed RTL Component Info : 
+---Adders : 
	   2 Input   17 Bit       Adders := 1     
	   2 Input    2 Bit       Adders := 1     
+---XORs : 
	   2 Input      1 Bit         XORs := 16    
+---Registers : 
	               17 Bit    Registers := 1     
	                2 Bit    Registers := 1     
	                1 Bit    Registers := 1     
+---Muxes : 
	   2 Input   17 Bit        Muxes := 1     
	   5 Input    4 Bit        Muxes := 1     
	   4 Input    4 Bit        Muxes := 1     
---------------------------------------------------------------------------------
Finished RTL Component Statistics 
---------------------------------------------------------------------------------
---------------------------------------------------------------------------------
Start Part Resource Summary
---------------------------------------------------------------------------------
Part Resources:
DSPs: 90 (col length:60)
BRAMs: 100 (col length: RAMB18 60 RAMB36 30)
---------------------------------------------------------------------------------
Finished Part Resource Summary
---------------------------------------------------------------------------------
---------------------------------------------------------------------------------
Start Cross Boundary and Area Optimization
---------------------------------------------------------------------------------
---------------------------------------------------------------------------------
Finished Cross Boundary and Area Optimization : Time (s): cpu = 00:00:09 ; elapsed = 00:00:09 . Memory (MB): peak = 1151.066 ; gain = 44.957
---------------------------------------------------------------------------------
---------------------------------------------------------------------------------
Start Applying XDC Timing Constraints
---------------------------------------------------------------------------------
---------------------------------------------------------------------------------
Finished Applying XDC Timing Constraints : Time (s): cpu = 00:00:13 ; elapsed = 00:00:13 . Memory (MB): peak = 1151.965 ; gain = 45.855
---------------------------------------------------------------------------------
---------------------------------------------------------------------------------
Start Timing Optimization
---------------------------------------------------------------------------------
---------------------------------------------------------------------------------
Finished Timing Optimization : Time (s): cpu = 00:00:13 ; elapsed = 00:00:13 . Memory (MB): peak = 1171.398 ; gain = 65.289
---------------------------------------------------------------------------------
---------------------------------------------------------------------------------
Start Technology Mapping
---------------------------------------------------------------------------------
---------------------------------------------------------------------------------
Finished Technology Mapping : Time (s): cpu = 00:00:13 ; elapsed = 00:00:13 . Memory (MB): peak = 1173.844 ; gain = 67.734
---------------------------------------------------------------------------------
---------------------------------------------------------------------------------
Start IO Insertion
---------------------------------------------------------------------------------
---------------------------------------------------------------------------------
Start Flattening Before IO Insertion
---------------------------------------------------------------------------------
---------------------------------------------------------------------------------
Finished Flattening Before IO Insertion
---------------------------------------------------------------------------------
---------------------------------------------------------------------------------
Start Final Netlist Cleanup
---------------------------------------------------------------------------------
---------------------------------------------------------------------------------
Finished Final Netlist Cleanup
---------------------------------------------------------------------------------
---------------------------------------------------------------------------------
Finished IO Insertion : Time (s): cpu = 00:00:15 ; elapsed = 00:00:15 . Memory (MB): peak = 1188.656 ; gain = 82.547
---------------------------------------------------------------------------------
---------------------------------------------------------------------------------
Start Renaming Generated Instances
---------------------------------------------------------------------------------
---------------------------------------------------------------------------------
Finished Renaming Generated Instances : Time (s): cpu = 00:00:15 ; elapsed = 00:00:15 . Memory (MB): peak = 1188.656 ; gain = 82.547
---------------------------------------------------------------------------------
---------------------------------------------------------------------------------
Start Rebuilding User Hierarchy
---------------------------------------------------------------------------------
---------------------------------------------------------------------------------
Finished Rebuilding User Hierarchy : Time (s): cpu = 00:00:15 ; elapsed = 00:00:15 . Memory (MB): peak = 1188.656 ; gain = 82.547
---------------------------------------------------------------------------------
---------------------------------------------------------------------------------
Start Renaming Generated Ports
---------------------------------------------------------------------------------
---------------------------------------------------------------------------------
Finished Renaming Generated Ports : Time (s): cpu = 00:00:15 ; elapsed = 00:00:15 . Memory (MB): peak = 1188.656 ; gain = 82.547
---------------------------------------------------------------------------------
---------------------------------------------------------------------------------
Start Handling Custom Attributes
---------------------------------------------------------------------------------
---------------------------------------------------------------------------------
Finished Handling Custom Attributes : Time (s): cpu = 00:00:15 ; elapsed = 00:00:15 . Memory (MB): peak = 1188.656 ; gain = 82.547
---------------------------------------------------------------------------------
---------------------------------------------------------------------------------
Start Renaming Generated Nets
---------------------------------------------------------------------------------
---------------------------------------------------------------------------------
Finished Renaming Generated Nets : Time (s): cpu = 00:00:15 ; elapsed = 00:00:15 . Memory (MB): peak = 1188.656 ; gain = 82.547
---------------------------------------------------------------------------------
---------------------------------------------------------------------------------
Start Writing Synthesis Report
---------------------------------------------------------------------------------

Report BlackBoxes: 
+-+--------------+----------+
| |BlackBox name |Instances |
+-+--------------+----------+
+-+--------------+----------+

Report Cell Usage: 
+------+-------+------+
|      |Cell   |Count |
+------+-------+------+
|1     |BUFG   |     1|
|2     |CARRY4 |     6|
|3     |LUT1   |     2|
|4     |LUT2   |    12|
|5     |LUT3   |    21|
|6     |LUT4   |    13|
|7     |LUT5   |    10|
|8     |LUT6   |    17|
|9     |FDCE   |    20|
|10    |IBUF   |    18|
|11    |OBUF   |    13|
+------+-------+------+
---------------------------------------------------------------------------------
Finished Writing Synthesis Report : Time (s): cpu = 00:00:15 ; elapsed = 00:00:15 . Memory (MB): peak = 1188.656 ; gain = 82.547
---------------------------------------------------------------------------------
Synthesis finished with 0 errors, 0 critical warnings and 0 warnings.
Synthesis Optimization Runtime : Time (s): cpu = 00:00:11 ; elapsed = 00:00:14 . Memory (MB): peak = 1188.656 ; gain = 37.590
Synthesis Optimization Complete : Time (s): cpu = 00:00:15 ; elapsed = 00:00:16 . Memory (MB): peak = 1188.656 ; gain = 82.547
INFO: [Project 1-571] Translating synthesized netlist
Netlist sorting complete. Time (s): cpu = 00:00:00 ; elapsed = 00:00:00 . Memory (MB): peak = 1200.684 ; gain = 0.000
INFO: [Netlist 29-17] Analyzing 6 Unisim elements for replacement
INFO: [Netlist 29-28] Unisim Transformation completed in 0 CPU seconds
INFO: [Project 1-570] Preparing netlist for logic optimization
INFO: [Opt 31-138] Pushed 0 inverter(s) to 0 load pin(s).
Netlist sorting complete. Time (s): cpu = 00:00:00 ; elapsed = 00:00:00 . Memory (MB): peak = 1200.684 ; gain = 0.000
INFO: [Project 1-111] Unisim Transformation Summary:
No Unisim elements were transformed.

INFO: [Common 17-83] Releasing license: Synthesis
41 Infos, 0 Warnings, 0 Critical Warnings and 0 Errors encountered.
synth_design completed successfully
synth_design: Time (s): cpu = 00:00:17 ; elapsed = 00:00:20 . Memory (MB): peak = 1200.684 ; gain = 94.574
INFO: [Common 17-1381] The checkpoint 'D:/work/FPGA_HARMAN/20250801_adder_fnd/20250801_adder_fnd.runs/synth_1/adder.dcp' has been generated.
INFO: [runtcl-4] Executing : report_utilization -file adder_utilization_synth.rpt -pb adder_utilization_synth.pb
INFO: [Common 17-206] Exiting Vivado at Fri Aug  1 16:58:10 2025...
